\BOOKMARK [1][-]{section.1}{\376\377\000E\000i\000n\000l\000e\000i\000t\000u\000n\000g}{}% 1
\BOOKMARK [1][-]{section.2}{\376\377\000T\000h\000e\000o\000r\000e\000t\000i\000s\000c\000h\000e\000\040\000G\000r\000u\000n\000d\000l\000a\000g\000e\000n}{}% 2
\BOOKMARK [1][-]{section.3}{\376\377\000E\000i\000n\000s\000t\000i\000e\000g\000s\000e\000x\000p\000e\000r\000i\000m\000e\000n\000t}{}% 3
\BOOKMARK [2][-]{subsection.3.1}{\376\377\000M\000a\000t\000e\000r\000i\000a\000l\000\040\000u\000n\000d\000\040\000M\000e\000t\000h\000o\000d\000e\000n}{section.3}% 4
\BOOKMARK [2][-]{subsection.3.2}{\376\377\000R\000e\000s\000u\000l\000t\000a\000t\000e}{section.3}% 5
\BOOKMARK [2][-]{subsection.3.3}{\376\377\000D\000i\000s\000k\000u\000s\000s\000i\000o\000n}{section.3}% 6
\BOOKMARK [1][-]{section.4}{\376\377\000E\000i\000g\000e\000n\000e\000\040\000B\000a\000t\000t\000e\000r\000i\000e}{}% 7
\BOOKMARK [2][-]{subsection.4.1}{\376\377\000M\000a\000t\000e\000r\000i\000a\000l\000\040\000u\000n\000d\000\040\000M\000e\000t\000h\000o\000d\000e\000n}{section.4}% 8
\BOOKMARK [2][-]{subsection.4.2}{\376\377\000R\000e\000s\000u\000l\000t\000a\000t\000e}{section.4}% 9
\BOOKMARK [2][-]{subsection.4.3}{\376\377\000D\000i\000s\000k\000u\000s\000s\000i\000o\000n}{section.4}% 10
\BOOKMARK [1][-]{section.5}{\376\377\000S\000c\000h\000l\000u\000s\000s\000f\000o\000l\000g\000e\000r\000u\000n\000g\000e\000n\000\040\000u\000n\000d\000\040\000A\000u\000s\000b\000l\000i\000c\000k}{}% 11
\BOOKMARK [1][-]{section.6}{\376\377\000G\000r\000u\000n\000d\000l\000a\000g\000e\000n\000\040\000v\000o\000n\000\040\000L\000a\000T\000e\000X}{}% 12
\BOOKMARK [2][-]{subsection.6.1}{\376\377\000L\000a\000T\000e\000X\000\040\000e\000i\000n\000r\000i\000c\000h\000t\000e\000n}{section.6}% 13
\BOOKMARK [2][-]{subsection.6.2}{\376\377\000E\000r\000s\000t\000e\000\040\000S\000c\000h\000r\000i\000t\000t\000e\000\040\000m\000i\000t\000\040\000L\000a\000T\000e\000X}{section.6}% 14
\BOOKMARK [2][-]{subsection.6.3}{\376\377\000S\000p\000r\000a\000c\000h\000k\000o\000r\000r\000e\000k\000t\000u\000r}{section.6}% 15
\BOOKMARK [2][-]{subsection.6.4}{\376\377\000Z\000i\000t\000i\000e\000r\000e\000n\000\040\000u\000n\000d\000\040\000F\000u\000s\000s\000n\000o\000t\000e\000n}{section.6}% 16
\BOOKMARK [2][-]{subsection.6.5}{\376\377\000N\000o\000n\000s\000e\000n\000s\000e\000\040\000T\000e\000x\000t}{section.6}% 17
\BOOKMARK [1][-]{section.7}{\376\377\000F\000o\000r\000m\000e\000l\000n\000\040\000u\000n\000d\000\040\000G\000r\000a\000f\000i\000k\000e\000n}{}% 18
\BOOKMARK [2][-]{subsection.7.1}{\376\377\000M\000a\000t\000h\000e\000m\000a\000t\000i\000s\000c\000h\000e\000\040\000A\000u\000s\000d\000r\000\374\000c\000k\000e}{section.7}% 19
\BOOKMARK [2][-]{subsection.7.2}{\376\377\000G\000r\000a\000f\000i\000k\000e\000n}{section.7}% 20
\BOOKMARK [1][-]{section.8}{\376\377\000B\000i\000l\000d\000e\000r\000,\000\040\000L\000i\000s\000t\000e\000n\000\040\000u\000n\000d\000\040\000A\000u\000f\000z\000\344\000h\000l\000u\000n\000g\000e\000n}{}% 21
\BOOKMARK [2][-]{subsection.8.1}{\376\377\000B\000i\000l\000d\000e\000r\000\040\000e\000i\000n\000f\000\374\000g\000e\000n}{section.8}% 22
\BOOKMARK [2][-]{subsection.8.2}{\376\377\000L\000i\000s\000t\000e\000n\000\040\000u\000n\000d\000\040\000A\000u\000f\000z\000\344\000h\000l\000u\000n\000g\000e\000n}{section.8}% 23
\BOOKMARK [2][-]{subsection.8.3}{\376\377\000A\000u\000f\000z\000\344\000h\000l\000u\000n\000g}{section.8}% 24
\BOOKMARK [1][-]{section.9}{\376\377\000T\000a\000b\000e\000l\000l\000e\000n\000\040\000u\000n\000d\000\040\000S\000y\000m\000b\000o\000l\000e}{}% 25
\BOOKMARK [2][-]{subsection.9.1}{\376\377\000T\000a\000b\000e\000l\000l\000e}{section.9}% 26
\BOOKMARK [2][-]{subsection.9.2}{\376\377\000S\000y\000m\000b\000o\000l\000e}{section.9}% 27
\BOOKMARK [1][-]{appendix.A}{\376\377\000E\000r\000s\000t\000e\000r\000\040\000A\000n\000h\000a\000n\000g}{}% 28
\BOOKMARK [1][-]{appendix.B}{\376\377\000Z\000w\000e\000i\000t\000e\000r\000\040\000A\000n\000h\000a\000n\000g}{}% 29
\BOOKMARK [1][-]{section*.3}{\376\377\000L\000i\000t\000e\000r\000a\000t\000u\000r}{}% 30
\BOOKMARK [1][-]{section*.3}{\376\377\000A\000b\000b\000i\000l\000d\000u\000n\000g\000s\000v\000e\000r\000z\000e\000i\000c\000h\000n\000i\000s}{}% 31
